<?xml version="1.0" encoding="UTF-8"?>
<testng-results ignored="0" total="4" passed="4" failed="0" skipped="0">
  <reporter-output>
  </reporter-output>
  <suite started-at="2022-01-09T17:30:56 PST" name="Default suite" finished-at="2022-01-09T17:31:07 PST" duration-ms="11315">
    <groups>
    </groups>
    <test started-at="2022-01-09T17:30:56 PST" name="Default test" finished-at="2022-01-09T17:31:07 PST" duration-ms="11315">
      <class name="AutomationProject1.EaseMyTrip.EaseMyTripTest">
        <test-method signature="setUp()[pri:0, instance:AutomationProject1.EaseMyTrip.EaseMyTripTest@11dc3715]" started-at="2022-01-09T17:30:56 PST" name="setUp" finished-at="2022-01-09T17:31:00 PST" duration-ms="3659" status="PASS">
          <reporter-output>
          </reporter-output>
        </test-method> <!-- setUp -->
        <test-method signature="testSearchFlights()[pri:4, instance:AutomationProject1.EaseMyTrip.EaseMyTripTest@11dc3715]" started-at="2022-01-09T17:31:00 PST" name="testSearchFlights" description="Checking for flights from Mumbai to chennai on Jan 23rd with 4 adults, 3 children and 2 infants." finished-at="2022-01-09T17:31:07 PST" duration-ms="6741" status="PASS">
          <reporter-output>
          </reporter-output>
        </test-method> <!-- testSearchFlights -->
        <test-method signature="readFlightsList()[pri:5, instance:AutomationProject1.EaseMyTrip.EaseMyTripTest@11dc3715]" started-at="2022-01-09T17:31:07 PST" name="readFlightsList" finished-at="2022-01-09T17:31:07 PST" duration-ms="886" status="PASS">
          <reporter-output>
          </reporter-output>
        </test-method> <!-- readFlightsList -->
        <test-method signature="testReadExcelFile()[pri:6, instance:AutomationProject1.EaseMyTrip.EaseMyTripTest@11dc3715]" started-at="2022-01-09T17:31:07 PST" name="testReadExcelFile" finished-at="2022-01-09T17:31:07 PST" duration-ms="13" status="PASS">
          <reporter-output>
          </reporter-output>
        </test-method> <!-- testReadExcelFile -->
      </class> <!-- AutomationProject1.EaseMyTrip.EaseMyTripTest -->
    </test> <!-- Default test -->
  </suite> <!-- Default suite -->
</testng-results>
