<?xml version="1.0" encoding="UTF-8"?>
<!-- Generated by org.testng.reporters.JUnitXMLReporter -->
<testsuite ignored="0" hostname="macbook-pro.lan" failures="1" tests="4" name="Test" time="11.134" errors="0" timestamp="2022-01-09T22:37:28 PST">
  <testcase classname="AutomationProject1.EaseMyTrip.EaseMyTripTest" name="setUp" time="4.697"/>
  <testcase classname="AutomationProject1.EaseMyTrip.EaseMyTripTest" name="verifyPageTitle" time="0.006"/>
  <testcase classname="AutomationProject1.EaseMyTrip.EaseMyTripTest" name="testSearchFlights" time="6.084"/>
  <testcase classname="AutomationProject1.EaseMyTrip.EaseMyTripTest" name="testSearchFlights" time="0.071">
    <failure type="org.openqa.selenium.NoSuchElementException" message="Unable to locate element: //div[@id=&amp;apos;fromautoFill&amp;apos;]//span[@class=&amp;apos;ct&amp;apos;][contains(text(),&amp;apos;Delhi&amp;apos;)]
For documentation on this error, please visit: https://www.seleniumhq.org/exceptions/no_such_element.html
Build info: version: &amp;apos;3.141.59&amp;apos;, revision: &amp;apos;e82be7d358&amp;apos;, time: &amp;apos;2018-11-14T08:17:03&amp;apos;
System info: host: &amp;apos;macbook-pro.lan&amp;apos;, ip: &amp;apos;fe80:0:0:0:1ce7:6173:bac1:c5df%en0&amp;apos;, os.name: &amp;apos;Mac OS X&amp;apos;, os.arch: &amp;apos;aarch64&amp;apos;, os.version: &amp;apos;11.6.1&amp;apos;, java.version: &amp;apos;17.0.1&amp;apos;
Driver info: org.openqa.selenium.firefox.FirefoxDriver
Capabilities {acceptInsecureCerts: true, browserName: firefox, browserVersion: 95.0.2, javascriptEnabled: true, moz:accessibilityChecks: false, moz:buildID: 20211218203254, moz:geckodriverVersion: 0.30.0, moz:headless: false, moz:processID: 6451, moz:profile: /var/folders/fl/73tcjdt14w7..., moz:shutdownTimeout: 60000, moz:useNonSpecCompliantPointerOrigin: false, moz:webdriverClick: true, pageLoadStrategy: normal, platform: MAC, platformName: MAC, platformVersion: 20.6.0, proxy: Proxy(), setWindowRect: true, strictFileInteractability: false, timeouts: {implicit: 0, pageLoad: 300000, script: 30000}, unhandledPromptBehavior: dismiss and notify}
Session ID: 2fd587d6-5a0b-40d9-a4c1-19ddcaa71ae7
*** Element info: {Using=xpath, value=//div[@id=&amp;apos;fromautoFill&amp;apos;]//span[@class=&amp;apos;ct&amp;apos;][contains(text(),&amp;apos;Delhi&amp;apos;)]}">
      <![CDATA[org.openqa.selenium.NoSuchElementException: Unable to locate element: //div[@id='fromautoFill']//span[@class='ct'][contains(text(),'Delhi')]
For documentation on this error, please visit: https://www.seleniumhq.org/exceptions/no_such_element.html
Build info: version: '3.141.59', revision: 'e82be7d358', time: '2018-11-14T08:17:03'
System info: host: 'macbook-pro.lan', ip: 'fe80:0:0:0:1ce7:6173:bac1:c5df%en0', os.name: 'Mac OS X', os.arch: 'aarch64', os.version: '11.6.1', java.version: '17.0.1'
Driver info: org.openqa.selenium.firefox.FirefoxDriver
Capabilities {acceptInsecureCerts: true, browserName: firefox, browserVersion: 95.0.2, javascriptEnabled: true, moz:accessibilityChecks: false, moz:buildID: 20211218203254, moz:geckodriverVersion: 0.30.0, moz:headless: false, moz:processID: 6451, moz:profile: /var/folders/fl/73tcjdt14w7..., moz:shutdownTimeout: 60000, moz:useNonSpecCompliantPointerOrigin: false, moz:webdriverClick: true, pageLoadStrategy: normal, platform: MAC, platformName: MAC, platformVersion: 20.6.0, proxy: Proxy(), setWindowRect: true, strictFileInteractability: false, timeouts: {implicit: 0, pageLoad: 300000, script: 30000}, unhandledPromptBehavior: dismiss and notify}
Session ID: 2fd587d6-5a0b-40d9-a4c1-19ddcaa71ae7
*** Element info: {Using=xpath, value=//div[@id='fromautoFill']//span[@class='ct'][contains(text(),'Delhi')]}
at org.openqa.selenium.remote.http.W3CHttpResponseCodec.createException(W3CHttpResponseCodec.java:187)
at org.openqa.selenium.remote.http.W3CHttpResponseCodec.decode(W3CHttpResponseCodec.java:122)
at org.openqa.selenium.remote.http.W3CHttpResponseCodec.decode(W3CHttpResponseCodec.java:49)
at org.openqa.selenium.remote.HttpCommandExecutor.execute(HttpCommandExecutor.java:158)
at org.openqa.selenium.remote.service.DriverCommandExecutor.execute(DriverCommandExecutor.java:83)
at org.openqa.selenium.remote.RemoteWebDriver.execute(RemoteWebDriver.java:552)
at org.openqa.selenium.remote.RemoteWebDriver.findElement(RemoteWebDriver.java:323)
at org.openqa.selenium.remote.RemoteWebDriver.findElementByXPath(RemoteWebDriver.java:428)
at org.openqa.selenium.By$ByXPath.findElement(By.java:353)
at org.openqa.selenium.remote.RemoteWebDriver.findElement(RemoteWebDriver.java:315)
at AutomationProject1.EaseMyTrip.HomePage.searchFlights(HomePage.java:43)
at AutomationProject1.EaseMyTrip.EaseMyTripTest.testSearchFlights(EaseMyTripTest.java:46)
at java.base/java.util.ArrayList.forEach(ArrayList.java:1511)
... Removed 32 stack frames]]>
    </failure>
  </testcase> <!-- testSearchFlights -->
</testsuite> <!-- Test -->
