<?xml version="1.0" encoding="UTF-8"?>
<!-- Generated by org.testng.reporters.JUnitXMLReporter -->
<testsuite ignored="0" hostname="macbook-pro.lan" failures="0" tests="5" name="Default test" time="59.392" errors="0" timestamp="2022-01-10T17:36:06 PST">
  <testcase classname="AutomationProject1.EaseMyTrip.EaseMyTripTest" name="testSearchFlights" time="11.364"/>
  <testcase classname="AutomationProject1.EaseMyTrip.EaseMyTripTest" name="testSearchFlights" time="14.148"/>
  <testcase classname="AutomationProject1.EaseMyTrip.EaseMyTripTest" name="testSearchFlights" time="10.862"/>
  <testcase classname="AutomationProject1.EaseMyTrip.EaseMyTripTest" name="testSearchFlights" time="12.448"/>
  <testcase classname="AutomationProject1.EaseMyTrip.EaseMyTripTest" name="testSearchFlights" time="10.318"/>
</testsuite> <!-- Default test -->
