<?xml version="1.0" encoding="UTF-8"?>
<!-- Generated by org.testng.reporters.JUnitXMLReporter -->
<testsuite ignored="0" hostname="macbook-pro.lan" failures="0" tests="4" name="Default test" time="4.143" errors="0" timestamp="2022-01-06T11:01:06 PST">
  <testcase classname="AutomationProject1.EaseMyTrip.AppTest" name="testSetUp" time="0.005"/>
  <testcase classname="AutomationProject1.EaseMyTrip.AppTest" name="testInvokeBrowser" time="2.756"/>
  <testcase classname="AutomationProject1.EaseMyTrip.AppTest" name="testGetURL" time="1.229"/>
  <testcase classname="AutomationProject1.EaseMyTrip.AppTest" name="testTearDown" time="0.134"/>
</testsuite> <!-- Default test -->
